Mesh definition: 
-------------------------------------
MALHDR   =     1 - Direction of mesh generation 
NL       =    20 - Number of rows of elements 
NC       =     5 - Number of element columns 
NH       =     5 - Number of element layers 
NN       =   756 - Total number of nodes 
NE       =   500 - Total number of elements 
NELEM    =     8 - Number of nodes per element 
NNODT    =  4500 - MCON table dimension 

Calculation parameters: 
-------------------------------------
NINICI =           1 - Passo inicial dos incrementos
NIMAX  =        9999 - Num max incrementos de tempo
NRMAX  =          10 - Num max tentativas de reducao incr
NGRAV  =        1000 - Periodicidade de gravacao de *.ffr
NMALH  =           1 - Origem da Malha (0 = gerada pelo codigo, 1 = exterior)
NCONDL =           0 - Origem das condicoes limites: (0 = geradas pelo codigo 1 = exteriores)
NOPTIM =           1 - Optimizacao (1-Sim, 0-Nao)
NPH    =           0 - Corr. P. hidro. (1-Sim, 0-Nao)
IRS    =           0 - Integracao reduzida selectiva
PHI    =   2.500e-01 - Valor Phi para a integracao
DELTA  =   1.000e-01 - Parametro de optimizacao
T0     =   9.330e+02 - Temperatura incial do processo
TFIM   =   2.930e+02 - Temperatura final do processo
DT     =   1.000e-02 - Incremento de tempo inicial
VARR   =  -1.000e+02 - Velocidade de arrefecimento 

Definicao das saidas para o exterior: 
-------------------------------------
IPGAU  =         643 - Ponto de Gauss de recolha de valores
IPECR  =           1 - Periodicidade de escrita para ecran
IPMSG1 =           1 - Periodicidade de escrita para MSG1 

Boundary conditions : 
-------------------------------------
ICFY =           1 - Plano coordenado Y=0 de simetria
ICFZ =           1 - Plano coordenado Z=0 de simetria
IPLX =           0 - Plano adicional fixo paralelo a X=0
IPLY =           0 - Plano adicional fixo paralelo a Y=0
IPLZ =           0 - Plano adicional fixo paralelo a Z=0
CPLX =   7.000e+00 - Coordenada em Ox do plano adicional
CPLY =   7.000e+00 - Coordenada em Oy do plano adicional
CPLZ =   3.000e-01 - Coordenada em Oz do plano adicional 

Material Parameters: 
-------------------------------------
R_MODY   =  4.100e+05  - Modulo de Young do reforco
R_POISS  =  2.400e-01  - Coefic de Poisson do reforco
R_Y0     =  0.000e+00  - Limite elastico do reforco
R_ALFA   =  4.300e-06  - Coeficiente de expansao termica do reforco
XM_MODY  =  4.480e+04  - Modulo de Young da matriz
XM_POISS =  3.570e-01  - Coefic de Poisson da matriz
XM_Y0    =  0.000e+00  - Limite elastico da matriz
XM_ALFA  =  2.870e-05  - Coeficiente de expansao termica da matriz
HF       =  5.000e-01  - Coeficiente F de anisotropia 
HG       =  5.000e-01  - Coeficiente G de anisotropia 
HH       =  5.000e-01  - Coeficiente H de anisotropia 
HL       =  1.500e+00  - Coeficiente L de anisotropia 
HM       =  1.500e+00  - Coeficiente M de anisotropia 
HN       =  1.500e+00  - Coeficiente N de anisotropia 
AANAND   =  1.910e+07  - Coeficiente A de Anand
QANAND   =  1.754e+05  - Coeficiente Q de Anand
CSIANAND =  7.000e+00  - Coeficiente csi de Anand
EMANAND  =  2.335e-01  - Coeficiente m de Anand
ANANN    =  7.049e-02  - Coeficiente n de Anand
S0ANAND  =  1.800e+01  - Valor inicial de s
ANSBAR   =  1.890e+01  - Valor medio de s
ANH0     =  1.116e+03  - Valor h0 de Anand
ANANA    =  1.300e+00  - Coeficiente a de Anand

Basic mesh information: 
-------------------------------------
STH      =    20.0000 - Initial width of the sheet 
SLEN     =    20.0000 - Initial X1-length of the sheet 
SHIG     =    20.0000 - Initial thickness of the sheet 
NLAY     =     4.0000 - Number of layers along sheet width 
NZ       =     1.0000 - Number of zones along sheet length 

   Layer  wid/thick  No.rows  Mat.id.no  ITYPE
     1        5.000      2        2        3
     2       10.000      5        2        3
     3        4.000     10        2        3
     4        1.000      3        1        3
 
   Zone      length   No. of columns
     1       20.000        5
 
   Corner nodes on front surface:     1     6   120   126
   Corner nodes on back surface::   631   636   750   756
 
   Nodal co-ordinates
    NODE    X1        X2        X3     
      1   20.0000    0.0000   20.0000
      2   16.0000    0.0000   20.0000
      3   12.0000    0.0000   20.0000
      4    8.0000    0.0000   20.0000
      5    4.0000    0.0000   20.0000
      6    0.0000    0.0000   20.0000
      7   20.0000    2.5000   20.0000
      8   16.0000    2.5000   20.0000
      9   12.0000    2.5000   20.0000
     10    8.0000    2.5000   20.0000
     11    4.0000    2.5000   20.0000
     12    0.0000    2.5000   20.0000
     13   20.0000    5.0000   20.0000
     14   16.0000    5.0000   20.0000
     15   12.0000    5.0000   20.0000
     16    8.0000    5.0000   20.0000
     17    4.0000    5.0000   20.0000
     18    0.0000    5.0000   20.0000
     19   20.0000    7.0000   20.0000
     20   16.0000    7.0000   20.0000
     21   12.0000    7.0000   20.0000
     22    8.0000    7.0000   20.0000
     23    4.0000    7.0000   20.0000
     24    0.0000    7.0000   20.0000
     25   20.0000    9.0000   20.0000
     26   16.0000    9.0000   20.0000
     27   12.0000    9.0000   20.0000
     28    8.0000    9.0000   20.0000
     29    4.0000    9.0000   20.0000
     30    0.0000    9.0000   20.0000
     31   20.0000   11.0000   20.0000
     32   16.0000   11.0000   20.0000
     33   12.0000   11.0000   20.0000
     34    8.0000   11.0000   20.0000
     35    4.0000   11.0000   20.0000
     36    0.0000   11.0000   20.0000
     37   20.0000   13.0000   20.0000
     38   16.0000   13.0000   20.0000
     39   12.0000   13.0000   20.0000
     40    8.0000   13.0000   20.0000
     41    4.0000   13.0000   20.0000
     42    0.0000   13.0000   20.0000
     43   20.0000   15.0000   20.0000
     44   16.0000   15.0000   20.0000
     45   12.0000   15.0000   20.0000
     46    8.0000   15.0000   20.0000
     47    4.0000   15.0000   20.0000
     48    0.0000   15.0000   20.0000
     49   20.0000   15.4000   20.0000
     50   16.0000   15.4000   20.0000
     51   12.0000   15.4000   20.0000
     52    8.0000   15.4000   20.0000
     53    4.0000   15.4000   20.0000
     54    0.0000   15.4000   20.0000
     55   20.0000   15.8000   20.0000
     56   16.0000   15.8000   20.0000
     57   12.0000   15.8000   20.0000
     58    8.0000   15.8000   20.0000
     59    4.0000   15.8000   20.0000
     60    0.0000   15.8000   20.0000
     61   20.0000   16.2000   20.0000
     62   16.0000   16.2000   20.0000
     63   12.0000   16.2000   20.0000
     64    8.0000   16.2000   20.0000
     65    4.0000   16.2000   20.0000
     66    0.0000   16.2000   20.0000
     67   20.0000   16.6000   20.0000
     68   16.0000   16.6000   20.0000
     69   12.0000   16.6000   20.0000
     70    8.0000   16.6000   20.0000
     71    4.0000   16.6000   20.0000
     72    0.0000   16.6000   20.0000
     73   20.0000   17.0000   20.0000
     74   16.0000   17.0000   20.0000
     75   12.0000   17.0000   20.0000
     76    8.0000   17.0000   20.0000
     77    4.0000   17.0000   20.0000
     78    0.0000   17.0000   20.0000
     79   20.0000   17.4000   20.0000
     80   16.0000   17.4000   20.0000
     81   12.0000   17.4000   20.0000
     82    8.0000   17.4000   20.0000
     83    4.0000   17.4000   20.0000
     84    0.0000   17.4000   20.0000
     85   20.0000   17.8000   20.0000
     86   16.0000   17.8000   20.0000
     87   12.0000   17.8000   20.0000
     88    8.0000   17.8000   20.0000
     89    4.0000   17.8000   20.0000
     90    0.0000   17.8000   20.0000
     91   20.0000   18.2000   20.0000
     92   16.0000   18.2000   20.0000
     93   12.0000   18.2000   20.0000
     94    8.0000   18.2000   20.0000
     95    4.0000   18.2000   20.0000
     96    0.0000   18.2000   20.0000
     97   20.0000   18.6000   20.0000
     98   16.0000   18.6000   20.0000
     99   12.0000   18.6000   20.0000
    100    8.0000   18.6000   20.0000
    101    4.0000   18.6000   20.0000
    102    0.0000   18.6000   20.0000
    103   20.0000   19.0000   20.0000
    104   16.0000   19.0000   20.0000
    105   12.0000   19.0000   20.0000
    106    8.0000   19.0000   20.0000
    107    4.0000   19.0000   20.0000
    108    0.0000   19.0000   20.0000
    109   20.0000   19.3333   20.0000
    110   16.0000   19.3333   20.0000
    111   12.0000   19.3333   20.0000
    112    8.0000   19.3333   20.0000
    113    4.0000   19.3333   20.0000
    114    0.0000   19.3333   20.0000
    115   20.0000   19.6667   20.0000
    116   16.0000   19.6667   20.0000
    117   12.0000   19.6667   20.0000
    118    8.0000   19.6667   20.0000
    119    4.0000   19.6667   20.0000
    120    0.0000   19.6667   20.0000
    121   20.0000   20.0000   20.0000
    122   16.0000   20.0000   20.0000
    123   12.0000   20.0000   20.0000
    124    8.0000   20.0000   20.0000
    125    4.0000   20.0000   20.0000
    126    0.0000   20.0000   20.0000
    127   20.0000    0.0000   16.0000
    128   16.0000    0.0000   16.0000
    129   12.0000    0.0000   16.0000
    130    8.0000    0.0000   16.0000
    131    4.0000    0.0000   16.0000
    132    0.0000    0.0000   16.0000
    133   20.0000    2.5000   16.0000
    134   16.0000    2.5000   16.0000
    135   12.0000    2.5000   16.0000
    136    8.0000    2.5000   16.0000
    137    4.0000    2.5000   16.0000
    138    0.0000    2.5000   16.0000
    139   20.0000    5.0000   16.0000
    140   16.0000    5.0000   16.0000
    141   12.0000    5.0000   16.0000
    142    8.0000    5.0000   16.0000
    143    4.0000    5.0000   16.0000
    144    0.0000    5.0000   16.0000
    145   20.0000    7.0000   16.0000
    146   16.0000    7.0000   16.0000
    147   12.0000    7.0000   16.0000
    148    8.0000    7.0000   16.0000
    149    4.0000    7.0000   16.0000
    150    0.0000    7.0000   16.0000
    151   20.0000    9.0000   16.0000
    152   16.0000    9.0000   16.0000
    153   12.0000    9.0000   16.0000
    154    8.0000    9.0000   16.0000
    155    4.0000    9.0000   16.0000
    156    0.0000    9.0000   16.0000
    157   20.0000   11.0000   16.0000
    158   16.0000   11.0000   16.0000
    159   12.0000   11.0000   16.0000
    160    8.0000   11.0000   16.0000
    161    4.0000   11.0000   16.0000
    162    0.0000   11.0000   16.0000
    163   20.0000   13.0000   16.0000
    164   16.0000   13.0000   16.0000
    165   12.0000   13.0000   16.0000
    166    8.0000   13.0000   16.0000
    167    4.0000   13.0000   16.0000
    168    0.0000   13.0000   16.0000
    169   20.0000   15.0000   16.0000
    170   16.0000   15.0000   16.0000
    171   12.0000   15.0000   16.0000
    172    8.0000   15.0000   16.0000
    173    4.0000   15.0000   16.0000
    174    0.0000   15.0000   16.0000
    175   20.0000   15.4000   16.0000
    176   16.0000   15.4000   16.0000
    177   12.0000   15.4000   16.0000
    178    8.0000   15.4000   16.0000
    179    4.0000   15.4000   16.0000
    180    0.0000   15.4000   16.0000
    181   20.0000   15.8000   16.0000
    182   16.0000   15.8000   16.0000
    183   12.0000   15.8000   16.0000
    184    8.0000   15.8000   16.0000
    185    4.0000   15.8000   16.0000
    186    0.0000   15.8000   16.0000
    187   20.0000   16.2000   16.0000
    188   16.0000   16.2000   16.0000
    189   12.0000   16.2000   16.0000
    190    8.0000   16.2000   16.0000
    191    4.0000   16.2000   16.0000
    192    0.0000   16.2000   16.0000
    193   20.0000   16.6000   16.0000
    194   16.0000   16.6000   16.0000
    195   12.0000   16.6000   16.0000
    196    8.0000   16.6000   16.0000
    197    4.0000   16.6000   16.0000
    198    0.0000   16.6000   16.0000
    199   20.0000   17.0000   16.0000
    200   16.0000   17.0000   16.0000
    201   12.0000   17.0000   16.0000
    202    8.0000   17.0000   16.0000
    203    4.0000   17.0000   16.0000
    204    0.0000   17.0000   16.0000
    205   20.0000   17.4000   16.0000
    206   16.0000   17.4000   16.0000
    207   12.0000   17.4000   16.0000
    208    8.0000   17.4000   16.0000
    209    4.0000   17.4000   16.0000
    210    0.0000   17.4000   16.0000
    211   20.0000   17.8000   16.0000
    212   16.0000   17.8000   16.0000
    213   12.0000   17.8000   16.0000
    214    8.0000   17.8000   16.0000
    215    4.0000   17.8000   16.0000
    216    0.0000   17.8000   16.0000
    217   20.0000   18.2000   16.0000
    218   16.0000   18.2000   16.0000
    219   12.0000   18.2000   16.0000
    220    8.0000   18.2000   16.0000
    221    4.0000   18.2000   16.0000
    222    0.0000   18.2000   16.0000
    223   20.0000   18.6000   16.0000
    224   16.0000   18.6000   16.0000
    225   12.0000   18.6000   16.0000
    226    8.0000   18.6000   16.0000
    227    4.0000   18.6000   16.0000
    228    0.0000   18.6000   16.0000
    229   20.0000   19.0000   16.0000
    230   16.0000   19.0000   16.0000
    231   12.0000   19.0000   16.0000
    232    8.0000   19.0000   16.0000
    233    4.0000   19.0000   16.0000
    234    0.0000   19.0000   16.0000
    235   20.0000   19.3333   16.0000
    236   16.0000   19.3333   16.0000
    237   12.0000   19.3333   16.0000
    238    8.0000   19.3333   16.0000
    239    4.0000   19.3333   16.0000
    240    0.0000   19.3333   16.0000
    241   20.0000   19.6667   16.0000
    242   16.0000   19.6667   16.0000
    243   12.0000   19.6667   16.0000
    244    8.0000   19.6667   16.0000
    245    4.0000   19.6667   16.0000
    246    0.0000   19.6667   16.0000
    247   20.0000   20.0000   16.0000
    248   16.0000   20.0000   16.0000
    249   12.0000   20.0000   16.0000
    250    8.0000   20.0000   16.0000
    251    4.0000   20.0000   16.0000
    252    0.0000   20.0000   16.0000
    253   20.0000    0.0000   12.0000
    254   16.0000    0.0000   12.0000
    255   12.0000    0.0000   12.0000
    256    8.0000    0.0000   12.0000
    257    4.0000    0.0000   12.0000
    258    0.0000    0.0000   12.0000
    259   20.0000    2.5000   12.0000
    260   16.0000    2.5000   12.0000
    261   12.0000    2.5000   12.0000
    262    8.0000    2.5000   12.0000
    263    4.0000    2.5000   12.0000
    264    0.0000    2.5000   12.0000
    265   20.0000    5.0000   12.0000
    266   16.0000    5.0000   12.0000
    267   12.0000    5.0000   12.0000
    268    8.0000    5.0000   12.0000
    269    4.0000    5.0000   12.0000
    270    0.0000    5.0000   12.0000
    271   20.0000    7.0000   12.0000
    272   16.0000    7.0000   12.0000
    273   12.0000    7.0000   12.0000
    274    8.0000    7.0000   12.0000
    275    4.0000    7.0000   12.0000
    276    0.0000    7.0000   12.0000
    277   20.0000    9.0000   12.0000
    278   16.0000    9.0000   12.0000
    279   12.0000    9.0000   12.0000
    280    8.0000    9.0000   12.0000
    281    4.0000    9.0000   12.0000
    282    0.0000    9.0000   12.0000
    283   20.0000   11.0000   12.0000
    284   16.0000   11.0000   12.0000
    285   12.0000   11.0000   12.0000
    286    8.0000   11.0000   12.0000
    287    4.0000   11.0000   12.0000
    288    0.0000   11.0000   12.0000
    289   20.0000   13.0000   12.0000
    290   16.0000   13.0000   12.0000
    291   12.0000   13.0000   12.0000
    292    8.0000   13.0000   12.0000
    293    4.0000   13.0000   12.0000
    294    0.0000   13.0000   12.0000
    295   20.0000   15.0000   12.0000
    296   16.0000   15.0000   12.0000
    297   12.0000   15.0000   12.0000
    298    8.0000   15.0000   12.0000
    299    4.0000   15.0000   12.0000
    300    0.0000   15.0000   12.0000
    301   20.0000   15.4000   12.0000
    302   16.0000   15.4000   12.0000
    303   12.0000   15.4000   12.0000
    304    8.0000   15.4000   12.0000
    305    4.0000   15.4000   12.0000
    306    0.0000   15.4000   12.0000
    307   20.0000   15.8000   12.0000
    308   16.0000   15.8000   12.0000
    309   12.0000   15.8000   12.0000
    310    8.0000   15.8000   12.0000
    311    4.0000   15.8000   12.0000
    312    0.0000   15.8000   12.0000
    313   20.0000   16.2000   12.0000
    314   16.0000   16.2000   12.0000
    315   12.0000   16.2000   12.0000
    316    8.0000   16.2000   12.0000
    317    4.0000   16.2000   12.0000
    318    0.0000   16.2000   12.0000
    319   20.0000   16.6000   12.0000
    320   16.0000   16.6000   12.0000
    321   12.0000   16.6000   12.0000
    322    8.0000   16.6000   12.0000
    323    4.0000   16.6000   12.0000
    324    0.0000   16.6000   12.0000
    325   20.0000   17.0000   12.0000
    326   16.0000   17.0000   12.0000
    327   12.0000   17.0000   12.0000
    328    8.0000   17.0000   12.0000
    329    4.0000   17.0000   12.0000
    330    0.0000   17.0000   12.0000
    331   20.0000   17.4000   12.0000
    332   16.0000   17.4000   12.0000
    333   12.0000   17.4000   12.0000
    334    8.0000   17.4000   12.0000
    335    4.0000   17.4000   12.0000
    336    0.0000   17.4000   12.0000
    337   20.0000   17.8000   12.0000
    338   16.0000   17.8000   12.0000
    339   12.0000   17.8000   12.0000
    340    8.0000   17.8000   12.0000
    341    4.0000   17.8000   12.0000
    342    0.0000   17.8000   12.0000
    343   20.0000   18.2000   12.0000
    344   16.0000   18.2000   12.0000
    345   12.0000   18.2000   12.0000
    346    8.0000   18.2000   12.0000
    347    4.0000   18.2000   12.0000
    348    0.0000   18.2000   12.0000
    349   20.0000   18.6000   12.0000
    350   16.0000   18.6000   12.0000
    351   12.0000   18.6000   12.0000
    352    8.0000   18.6000   12.0000
    353    4.0000   18.6000   12.0000
    354    0.0000   18.6000   12.0000
    355   20.0000   19.0000   12.0000
    356   16.0000   19.0000   12.0000
    357   12.0000   19.0000   12.0000
    358    8.0000   19.0000   12.0000
    359    4.0000   19.0000   12.0000
    360    0.0000   19.0000   12.0000
    361   20.0000   19.3333   12.0000
    362   16.0000   19.3333   12.0000
    363   12.0000   19.3333   12.0000
    364    8.0000   19.3333   12.0000
    365    4.0000   19.3333   12.0000
    366    0.0000   19.3333   12.0000
    367   20.0000   19.6667   12.0000
    368   16.0000   19.6667   12.0000
    369   12.0000   19.6667   12.0000
    370    8.0000   19.6667   12.0000
    371    4.0000   19.6667   12.0000
    372    0.0000   19.6667   12.0000
    373   20.0000   20.0000   12.0000
    374   16.0000   20.0000   12.0000
    375   12.0000   20.0000   12.0000
    376    8.0000   20.0000   12.0000
    377    4.0000   20.0000   12.0000
    378    0.0000   20.0000   12.0000
    379   20.0000    0.0000    8.0000
    380   16.0000    0.0000    8.0000
    381   12.0000    0.0000    8.0000
    382    8.0000    0.0000    8.0000
    383    4.0000    0.0000    8.0000
    384    0.0000    0.0000    8.0000
    385   20.0000    2.5000    8.0000
    386   16.0000    2.5000    8.0000
    387   12.0000    2.5000    8.0000
    388    8.0000    2.5000    8.0000
    389    4.0000    2.5000    8.0000
    390    0.0000    2.5000    8.0000
    391   20.0000    5.0000    8.0000
    392   16.0000    5.0000    8.0000
    393   12.0000    5.0000    8.0000
    394    8.0000    5.0000    8.0000
    395    4.0000    5.0000    8.0000
    396    0.0000    5.0000    8.0000
    397   20.0000    7.0000    8.0000
    398   16.0000    7.0000    8.0000
    399   12.0000    7.0000    8.0000
    400    8.0000    7.0000    8.0000
    401    4.0000    7.0000    8.0000
    402    0.0000    7.0000    8.0000
    403   20.0000    9.0000    8.0000
    404   16.0000    9.0000    8.0000
    405   12.0000    9.0000    8.0000
    406    8.0000    9.0000    8.0000
    407    4.0000    9.0000    8.0000
    408    0.0000    9.0000    8.0000
    409   20.0000   11.0000    8.0000
    410   16.0000   11.0000    8.0000
    411   12.0000   11.0000    8.0000
    412    8.0000   11.0000    8.0000
    413    4.0000   11.0000    8.0000
    414    0.0000   11.0000    8.0000
    415   20.0000   13.0000    8.0000
    416   16.0000   13.0000    8.0000
    417   12.0000   13.0000    8.0000
    418    8.0000   13.0000    8.0000
    419    4.0000   13.0000    8.0000
    420    0.0000   13.0000    8.0000
    421   20.0000   15.0000    8.0000
    422   16.0000   15.0000    8.0000
    423   12.0000   15.0000    8.0000
    424    8.0000   15.0000    8.0000
    425    4.0000   15.0000    8.0000
    426    0.0000   15.0000    8.0000
    427   20.0000   15.4000    8.0000
    428   16.0000   15.4000    8.0000
    429   12.0000   15.4000    8.0000
    430    8.0000   15.4000    8.0000
    431    4.0000   15.4000    8.0000
    432    0.0000   15.4000    8.0000
    433   20.0000   15.8000    8.0000
    434   16.0000   15.8000    8.0000
    435   12.0000   15.8000    8.0000
    436    8.0000   15.8000    8.0000
    437    4.0000   15.8000    8.0000
    438    0.0000   15.8000    8.0000
    439   20.0000   16.2000    8.0000
    440   16.0000   16.2000    8.0000
    441   12.0000   16.2000    8.0000
    442    8.0000   16.2000    8.0000
    443    4.0000   16.2000    8.0000
    444    0.0000   16.2000    8.0000
    445   20.0000   16.6000    8.0000
    446   16.0000   16.6000    8.0000
    447   12.0000   16.6000    8.0000
    448    8.0000   16.6000    8.0000
    449    4.0000   16.6000    8.0000
    450    0.0000   16.6000    8.0000
    451   20.0000   17.0000    8.0000
    452   16.0000   17.0000    8.0000
    453   12.0000   17.0000    8.0000
    454    8.0000   17.0000    8.0000
    455    4.0000   17.0000    8.0000
    456    0.0000   17.0000    8.0000
    457   20.0000   17.4000    8.0000
    458   16.0000   17.4000    8.0000
    459   12.0000   17.4000    8.0000
    460    8.0000   17.4000    8.0000
    461    4.0000   17.4000    8.0000
    462    0.0000   17.4000    8.0000
    463   20.0000   17.8000    8.0000
    464   16.0000   17.8000    8.0000
    465   12.0000   17.8000    8.0000
    466    8.0000   17.8000    8.0000
    467    4.0000   17.8000    8.0000
    468    0.0000   17.8000    8.0000
    469   20.0000   18.2000    8.0000
    470   16.0000   18.2000    8.0000
    471   12.0000   18.2000    8.0000
    472    8.0000   18.2000    8.0000
    473    4.0000   18.2000    8.0000
    474    0.0000   18.2000    8.0000
    475   20.0000   18.6000    8.0000
    476   16.0000   18.6000    8.0000
    477   12.0000   18.6000    8.0000
    478    8.0000   18.6000    8.0000
    479    4.0000   18.6000    8.0000
    480    0.0000   18.6000    8.0000
    481   20.0000   19.0000    8.0000
    482   16.0000   19.0000    8.0000
    483   12.0000   19.0000    8.0000
    484    8.0000   19.0000    8.0000
    485    4.0000   19.0000    8.0000
    486    0.0000   19.0000    8.0000
    487   20.0000   19.3333    8.0000
    488   16.0000   19.3333    8.0000
    489   12.0000   19.3333    8.0000
    490    8.0000   19.3333    8.0000
    491    4.0000   19.3333    8.0000
    492    0.0000   19.3333    8.0000
    493   20.0000   19.6667    8.0000
    494   16.0000   19.6667    8.0000
    495   12.0000   19.6667    8.0000
    496    8.0000   19.6667    8.0000
    497    4.0000   19.6667    8.0000
    498    0.0000   19.6667    8.0000
    499   20.0000   20.0000    8.0000
    500   16.0000   20.0000    8.0000
    501   12.0000   20.0000    8.0000
    502    8.0000   20.0000    8.0000
    503    4.0000   20.0000    8.0000
    504    0.0000   20.0000    8.0000
    505   20.0000    0.0000    4.0000
    506   16.0000    0.0000    4.0000
    507   12.0000    0.0000    4.0000
    508    8.0000    0.0000    4.0000
    509    4.0000    0.0000    4.0000
    510    0.0000    0.0000    4.0000
    511   20.0000    2.5000    4.0000
    512   16.0000    2.5000    4.0000
    513   12.0000    2.5000    4.0000
    514    8.0000    2.5000    4.0000
    515    4.0000    2.5000    4.0000
    516    0.0000    2.5000    4.0000
    517   20.0000    5.0000    4.0000
    518   16.0000    5.0000    4.0000
    519   12.0000    5.0000    4.0000
    520    8.0000    5.0000    4.0000
    521    4.0000    5.0000    4.0000
    522    0.0000    5.0000    4.0000
    523   20.0000    7.0000    4.0000
    524   16.0000    7.0000    4.0000
    525   12.0000    7.0000    4.0000
    526    8.0000    7.0000    4.0000
    527    4.0000    7.0000    4.0000
    528    0.0000    7.0000    4.0000
    529   20.0000    9.0000    4.0000
    530   16.0000    9.0000    4.0000
    531   12.0000    9.0000    4.0000
    532    8.0000    9.0000    4.0000
    533    4.0000    9.0000    4.0000
    534    0.0000    9.0000    4.0000
    535   20.0000   11.0000    4.0000
    536   16.0000   11.0000    4.0000
    537   12.0000   11.0000    4.0000
    538    8.0000   11.0000    4.0000
    539    4.0000   11.0000    4.0000
    540    0.0000   11.0000    4.0000
    541   20.0000   13.0000    4.0000
    542   16.0000   13.0000    4.0000
    543   12.0000   13.0000    4.0000
    544    8.0000   13.0000    4.0000
    545    4.0000   13.0000    4.0000
    546    0.0000   13.0000    4.0000
    547   20.0000   15.0000    4.0000
    548   16.0000   15.0000    4.0000
    549   12.0000   15.0000    4.0000
    550    8.0000   15.0000    4.0000
    551    4.0000   15.0000    4.0000
    552    0.0000   15.0000    4.0000
    553   20.0000   15.4000    4.0000
    554   16.0000   15.4000    4.0000
    555   12.0000   15.4000    4.0000
    556    8.0000   15.4000    4.0000
    557    4.0000   15.4000    4.0000
    558    0.0000   15.4000    4.0000
    559   20.0000   15.8000    4.0000
    560   16.0000   15.8000    4.0000
    561   12.0000   15.8000    4.0000
    562    8.0000   15.8000    4.0000
    563    4.0000   15.8000    4.0000
    564    0.0000   15.8000    4.0000
    565   20.0000   16.2000    4.0000
    566   16.0000   16.2000    4.0000
    567   12.0000   16.2000    4.0000
    568    8.0000   16.2000    4.0000
    569    4.0000   16.2000    4.0000
    570    0.0000   16.2000    4.0000
    571   20.0000   16.6000    4.0000
    572   16.0000   16.6000    4.0000
    573   12.0000   16.6000    4.0000
    574    8.0000   16.6000    4.0000
    575    4.0000   16.6000    4.0000
    576    0.0000   16.6000    4.0000
    577   20.0000   17.0000    4.0000
    578   16.0000   17.0000    4.0000
    579   12.0000   17.0000    4.0000
    580    8.0000   17.0000    4.0000
    581    4.0000   17.0000    4.0000
    582    0.0000   17.0000    4.0000
    583   20.0000   17.4000    4.0000
    584   16.0000   17.4000    4.0000
    585   12.0000   17.4000    4.0000
    586    8.0000   17.4000    4.0000
    587    4.0000   17.4000    4.0000
    588    0.0000   17.4000    4.0000
    589   20.0000   17.8000    4.0000
    590   16.0000   17.8000    4.0000
    591   12.0000   17.8000    4.0000
    592    8.0000   17.8000    4.0000
    593    4.0000   17.8000    4.0000
    594    0.0000   17.8000    4.0000
    595   20.0000   18.2000    4.0000
    596   16.0000   18.2000    4.0000
    597   12.0000   18.2000    4.0000
    598    8.0000   18.2000    4.0000
    599    4.0000   18.2000    4.0000
    600    0.0000   18.2000    4.0000
    601   20.0000   18.6000    4.0000
    602   16.0000   18.6000    4.0000
    603   12.0000   18.6000    4.0000
    604    8.0000   18.6000    4.0000
    605    4.0000   18.6000    4.0000
    606    0.0000   18.6000    4.0000
    607   20.0000   19.0000    4.0000
    608   16.0000   19.0000    4.0000
    609   12.0000   19.0000    4.0000
    610    8.0000   19.0000    4.0000
    611    4.0000   19.0000    4.0000
    612    0.0000   19.0000    4.0000
    613   20.0000   19.3333    4.0000
    614   16.0000   19.3333    4.0000
    615   12.0000   19.3333    4.0000
    616    8.0000   19.3333    4.0000
    617    4.0000   19.3333    4.0000
    618    0.0000   19.3333    4.0000
    619   20.0000   19.6667    4.0000
    620   16.0000   19.6667    4.0000
    621   12.0000   19.6667    4.0000
    622    8.0000   19.6667    4.0000
    623    4.0000   19.6667    4.0000
    624    0.0000   19.6667    4.0000
    625   20.0000   20.0000    4.0000
    626   16.0000   20.0000    4.0000
    627   12.0000   20.0000    4.0000
    628    8.0000   20.0000    4.0000
    629    4.0000   20.0000    4.0000
    630    0.0000   20.0000    4.0000
    631   20.0000    0.0000    0.0000
    632   16.0000    0.0000    0.0000
    633   12.0000    0.0000    0.0000
    634    8.0000    0.0000    0.0000
    635    4.0000    0.0000    0.0000
    636    0.0000    0.0000    0.0000
    637   20.0000    2.5000    0.0000
    638   16.0000    2.5000    0.0000
    639   12.0000    2.5000    0.0000
    640    8.0000    2.5000    0.0000
    641    4.0000    2.5000    0.0000
    642    0.0000    2.5000    0.0000
    643   20.0000    5.0000    0.0000
    644   16.0000    5.0000    0.0000
    645   12.0000    5.0000    0.0000
    646    8.0000    5.0000    0.0000
    647    4.0000    5.0000    0.0000
    648    0.0000    5.0000    0.0000
    649   20.0000    7.0000    0.0000
    650   16.0000    7.0000    0.0000
    651   12.0000    7.0000    0.0000
    652    8.0000    7.0000    0.0000
    653    4.0000    7.0000    0.0000
    654    0.0000    7.0000    0.0000
    655   20.0000    9.0000    0.0000
    656   16.0000    9.0000    0.0000
    657   12.0000    9.0000    0.0000
    658    8.0000    9.0000    0.0000
    659    4.0000    9.0000    0.0000
    660    0.0000    9.0000    0.0000
    661   20.0000   11.0000    0.0000
    662   16.0000   11.0000    0.0000
    663   12.0000   11.0000    0.0000
    664    8.0000   11.0000    0.0000
    665    4.0000   11.0000    0.0000
    666    0.0000   11.0000    0.0000
    667   20.0000   13.0000    0.0000
    668   16.0000   13.0000    0.0000
    669   12.0000   13.0000    0.0000
    670    8.0000   13.0000    0.0000
    671    4.0000   13.0000    0.0000
    672    0.0000   13.0000    0.0000
    673   20.0000   15.0000    0.0000
    674   16.0000   15.0000    0.0000
    675   12.0000   15.0000    0.0000
    676    8.0000   15.0000    0.0000
    677    4.0000   15.0000    0.0000
    678    0.0000   15.0000    0.0000
    679   20.0000   15.4000    0.0000
    680   16.0000   15.4000    0.0000
    681   12.0000   15.4000    0.0000
    682    8.0000   15.4000    0.0000
    683    4.0000   15.4000    0.0000
    684    0.0000   15.4000    0.0000
    685   20.0000   15.8000    0.0000
    686   16.0000   15.8000    0.0000
    687   12.0000   15.8000    0.0000
    688    8.0000   15.8000    0.0000
    689    4.0000   15.8000    0.0000
    690    0.0000   15.8000    0.0000
    691   20.0000   16.2000    0.0000
    692   16.0000   16.2000    0.0000
    693   12.0000   16.2000    0.0000
    694    8.0000   16.2000    0.0000
    695    4.0000   16.2000    0.0000
    696    0.0000   16.2000    0.0000
    697   20.0000   16.6000    0.0000
    698   16.0000   16.6000    0.0000
    699   12.0000   16.6000    0.0000
    700    8.0000   16.6000    0.0000
    701    4.0000   16.6000    0.0000
    702    0.0000   16.6000    0.0000
    703   20.0000   17.0000    0.0000
    704   16.0000   17.0000    0.0000
    705   12.0000   17.0000    0.0000
    706    8.0000   17.0000    0.0000
    707    4.0000   17.0000    0.0000
    708    0.0000   17.0000    0.0000
    709   20.0000   17.4000    0.0000
    710   16.0000   17.4000    0.0000
    711   12.0000   17.4000    0.0000
    712    8.0000   17.4000    0.0000
    713    4.0000   17.4000    0.0000
    714    0.0000   17.4000    0.0000
    715   20.0000   17.8000    0.0000
    716   16.0000   17.8000    0.0000
    717   12.0000   17.8000    0.0000
    718    8.0000   17.8000    0.0000
    719    4.0000   17.8000    0.0000
    720    0.0000   17.8000    0.0000
    721   20.0000   18.2000    0.0000
    722   16.0000   18.2000    0.0000
    723   12.0000   18.2000    0.0000
    724    8.0000   18.2000    0.0000
    725    4.0000   18.2000    0.0000
    726    0.0000   18.2000    0.0000
    727   20.0000   18.6000    0.0000
    728   16.0000   18.6000    0.0000
    729   12.0000   18.6000    0.0000
    730    8.0000   18.6000    0.0000
    731    4.0000   18.6000    0.0000
    732    0.0000   18.6000    0.0000
    733   20.0000   19.0000    0.0000
    734   16.0000   19.0000    0.0000
    735   12.0000   19.0000    0.0000
    736    8.0000   19.0000    0.0000
    737    4.0000   19.0000    0.0000
    738    0.0000   19.0000    0.0000
    739   20.0000   19.3333    0.0000
    740   16.0000   19.3333    0.0000
    741   12.0000   19.3333    0.0000
    742    8.0000   19.3333    0.0000
    743    4.0000   19.3333    0.0000
    744    0.0000   19.3333    0.0000
    745   20.0000   19.6667    0.0000
    746   16.0000   19.6667    0.0000
    747   12.0000   19.6667    0.0000
    748    8.0000   19.6667    0.0000
    749    4.0000   19.6667    0.0000
    750    0.0000   19.6667    0.0000
    751   20.0000   20.0000    0.0000
    752   16.0000   20.0000    0.0000
    753   12.0000   20.0000    0.0000
    754    8.0000   20.0000    0.0000
    755    4.0000   20.0000    0.0000
    756    0.0000   20.0000    0.0000
 
   Elemental data
   ELEM MAT ITYPE NINT  NEL INTABL MC      GLOBAL NODES
      1  2    3    8    8    0     0       128   127   134   133     2     1     8     7
      2  2    3    8    8    8     9       129   128   135   134     3     2     9     8
      3  2    3    8    8   16    18       130   129   136   135     4     3    10     9
      4  2    3    8    8   24    27       131   130   137   136     5     4    11    10
      5  2    3    8    8   32    36       132   131   138   137     6     5    12    11
      6  2    3    8    8   40    45       134   133   140   139     8     7    14    13
      7  2    3    8    8   48    54       135   134   141   140     9     8    15    14
      8  2    3    8    8   56    63       136   135   142   141    10     9    16    15
      9  2    3    8    8   64    72       137   136   143   142    11    10    17    16
     10  2    3    8    8   72    81       138   137   144   143    12    11    18    17
     11  2    3    8    8   80    90       140   139   146   145    14    13    20    19
     12  2    3    8    8   88    99       141   140   147   146    15    14    21    20
     13  2    3    8    8   96   108       142   141   148   147    16    15    22    21
     14  2    3    8    8  104   117       143   142   149   148    17    16    23    22
     15  2    3    8    8  112   126       144   143   150   149    18    17    24    23
     16  2    3    8    8  120   135       146   145   152   151    20    19    26    25
     17  2    3    8    8  128   144       147   146   153   152    21    20    27    26
     18  2    3    8    8  136   153       148   147   154   153    22    21    28    27
     19  2    3    8    8  144   162       149   148   155   154    23    22    29    28
     20  2    3    8    8  152   171       150   149   156   155    24    23    30    29
     21  2    3    8    8  160   180       152   151   158   157    26    25    32    31
     22  2    3    8    8  168   189       153   152   159   158    27    26    33    32
     23  2    3    8    8  176   198       154   153   160   159    28    27    34    33
     24  2    3    8    8  184   207       155   154   161   160    29    28    35    34
     25  2    3    8    8  192   216       156   155   162   161    30    29    36    35
     26  2    3    8    8  200   225       158   157   164   163    32    31    38    37
     27  2    3    8    8  208   234       159   158   165   164    33    32    39    38
     28  2    3    8    8  216   243       160   159   166   165    34    33    40    39
     29  2    3    8    8  224   252       161   160   167   166    35    34    41    40
     30  2    3    8    8  232   261       162   161   168   167    36    35    42    41
     31  2    3    8    8  240   270       164   163   170   169    38    37    44    43
     32  2    3    8    8  248   279       165   164   171   170    39    38    45    44
     33  2    3    8    8  256   288       166   165   172   171    40    39    46    45
     34  2    3    8    8  264   297       167   166   173   172    41    40    47    46
     35  2    3    8    8  272   306       168   167   174   173    42    41    48    47
     36  2    3    8    8  280   315       170   169   176   175    44    43    50    49
     37  2    3    8    8  288   324       171   170   177   176    45    44    51    50
     38  2    3    8    8  296   333       172   171   178   177    46    45    52    51
     39  2    3    8    8  304   342       173   172   179   178    47    46    53    52
     40  2    3    8    8  312   351       174   173   180   179    48    47    54    53
     41  2    3    8    8  320   360       176   175   182   181    50    49    56    55
     42  2    3    8    8  328   369       177   176   183   182    51    50    57    56
     43  2    3    8    8  336   378       178   177   184   183    52    51    58    57
     44  2    3    8    8  344   387       179   178   185   184    53    52    59    58
     45  2    3    8    8  352   396       180   179   186   185    54    53    60    59
     46  2    3    8    8  360   405       182   181   188   187    56    55    62    61
     47  2    3    8    8  368   414       183   182   189   188    57    56    63    62
     48  2    3    8    8  376   423       184   183   190   189    58    57    64    63
     49  2    3    8    8  384   432       185   184   191   190    59    58    65    64
     50  2    3    8    8  392   441       186   185   192   191    60    59    66    65
     51  2    3    8    8  400   450       188   187   194   193    62    61    68    67
     52  2    3    8    8  408   459       189   188   195   194    63    62    69    68
     53  2    3    8    8  416   468       190   189   196   195    64    63    70    69
     54  2    3    8    8  424   477       191   190   197   196    65    64    71    70
     55  2    3    8    8  432   486       192   191   198   197    66    65    72    71
     56  2    3    8    8  440   495       194   193   200   199    68    67    74    73
     57  2    3    8    8  448   504       195   194   201   200    69    68    75    74
     58  2    3    8    8  456   513       196   195   202   201    70    69    76    75
     59  2    3    8    8  464   522       197   196   203   202    71    70    77    76
     60  2    3    8    8  472   531       198   197   204   203    72    71    78    77
     61  2    3    8    8  480   540       200   199   206   205    74    73    80    79
     62  2    3    8    8  488   549       201   200   207   206    75    74    81    80
     63  2    3    8    8  496   558       202   201   208   207    76    75    82    81
     64  2    3    8    8  504   567       203   202   209   208    77    76    83    82
     65  2    3    8    8  512   576       204   203   210   209    78    77    84    83
     66  2    3    8    8  520   585       206   205   212   211    80    79    86    85
     67  2    3    8    8  528   594       207   206   213   212    81    80    87    86
     68  2    3    8    8  536   603       208   207   214   213    82    81    88    87
     69  2    3    8    8  544   612       209   208   215   214    83    82    89    88
     70  2    3    8    8  552   621       210   209   216   215    84    83    90    89
     71  2    3    8    8  560   630       212   211   218   217    86    85    92    91
     72  2    3    8    8  568   639       213   212   219   218    87    86    93    92
     73  2    3    8    8  576   648       214   213   220   219    88    87    94    93
     74  2    3    8    8  584   657       215   214   221   220    89    88    95    94
     75  2    3    8    8  592   666       216   215   222   221    90    89    96    95
     76  2    3    8    8  600   675       218   217   224   223    92    91    98    97
     77  2    3    8    8  608   684       219   218   225   224    93    92    99    98
     78  2    3    8    8  616   693       220   219   226   225    94    93   100    99
     79  2    3    8    8  624   702       221   220   227   226    95    94   101   100
     80  2    3    8    8  632   711       222   221   228   227    96    95   102   101
     81  2    3    8    8  640   720       224   223   230   229    98    97   104   103
     82  2    3    8    8  648   729       225   224   231   230    99    98   105   104
     83  2    3    8    8  656   738       226   225   232   231   100    99   106   105
     84  2    3    8    8  664   747       227   226   233   232   101   100   107   106
     85  2    3    8    8  672   756       228   227   234   233   102   101   108   107
     86  1    3    8    8  680   765       230   229   236   235   104   103   110   109
     87  1    3    8    8  688   774       231   230   237   236   105   104   111   110
     88  1    3    8    8  696   783       232   231   238   237   106   105   112   111
     89  1    3    8    8  704   792       233   232   239   238   107   106   113   112
     90  1    3    8    8  712   801       234   233   240   239   108   107   114   113
     91  1    3    8    8  720   810       236   235   242   241   110   109   116   115
     92  1    3    8    8  728   819       237   236   243   242   111   110   117   116
     93  1    3    8    8  736   828       238   237   244   243   112   111   118   117
     94  1    3    8    8  744   837       239   238   245   244   113   112   119   118
     95  1    3    8    8  752   846       240   239   246   245   114   113   120   119
     96  1    3    8    8  760   855       242   241   248   247   116   115   122   121
     97  1    3    8    8  768   864       243   242   249   248   117   116   123   122
     98  1    3    8    8  776   873       244   243   250   249   118   117   124   123
     99  1    3    8    8  784   882       245   244   251   250   119   118   125   124
    100  1    3    8    8  792   891       246   245   252   251   120   119   126   125
    101  2    3    8    8  800   900       254   253   260   259   128   127   134   133
    102  2    3    8    8  808   909       255   254   261   260   129   128   135   134
    103  2    3    8    8  816   918       256   255   262   261   130   129   136   135
    104  2    3    8    8  824   927       257   256   263   262   131   130   137   136
    105  2    3    8    8  832   936       258   257   264   263   132   131   138   137
    106  2    3    8    8  840   945       260   259   266   265   134   133   140   139
    107  2    3    8    8  848   954       261   260   267   266   135   134   141   140
    108  2    3    8    8  856   963       262   261   268   267   136   135   142   141
    109  2    3    8    8  864   972       263   262   269   268   137   136   143   142
    110  2    3    8    8  872   981       264   263   270   269   138   137   144   143
    111  2    3    8    8  880   990       266   265   272   271   140   139   146   145
    112  2    3    8    8  888   999       267   266   273   272   141   140   147   146
    113  2    3    8    8  896  1008       268   267   274   273   142   141   148   147
    114  2    3    8    8  904  1017       269   268   275   274   143   142   149   148
    115  2    3    8    8  912  1026       270   269   276   275   144   143   150   149
    116  2    3    8    8  920  1035       272   271   278   277   146   145   152   151
    117  2    3    8    8  928  1044       273   272   279   278   147   146   153   152
    118  2    3    8    8  936  1053       274   273   280   279   148   147   154   153
    119  2    3    8    8  944  1062       275   274   281   280   149   148   155   154
    120  2    3    8    8  952  1071       276   275   282   281   150   149   156   155
    121  2    3    8    8  960  1080       278   277   284   283   152   151   158   157
    122  2    3    8    8  968  1089       279   278   285   284   153   152   159   158
    123  2    3    8    8  976  1098       280   279   286   285   154   153   160   159
    124  2    3    8    8  984  1107       281   280   287   286   155   154   161   160
    125  2    3    8    8  992  1116       282   281   288   287   156   155   162   161
    126  2    3    8    8 1000  1125       284   283   290   289   158   157   164   163
    127  2    3    8    8 1008  1134       285   284   291   290   159   158   165   164
    128  2    3    8    8 1016  1143       286   285   292   291   160   159   166   165
    129  2    3    8    8 1024  1152       287   286   293   292   161   160   167   166
    130  2    3    8    8 1032  1161       288   287   294   293   162   161   168   167
    131  2    3    8    8 1040  1170       290   289   296   295   164   163   170   169
    132  2    3    8    8 1048  1179       291   290   297   296   165   164   171   170
    133  2    3    8    8 1056  1188       292   291   298   297   166   165   172   171
    134  2    3    8    8 1064  1197       293   292   299   298   167   166   173   172
    135  2    3    8    8 1072  1206       294   293   300   299   168   167   174   173
    136  2    3    8    8 1080  1215       296   295   302   301   170   169   176   175
    137  2    3    8    8 1088  1224       297   296   303   302   171   170   177   176
    138  2    3    8    8 1096  1233       298   297   304   303   172   171   178   177
    139  2    3    8    8 1104  1242       299   298   305   304   173   172   179   178
    140  2    3    8    8 1112  1251       300   299   306   305   174   173   180   179
    141  2    3    8    8 1120  1260       302   301   308   307   176   175   182   181
    142  2    3    8    8 1128  1269       303   302   309   308   177   176   183   182
    143  2    3    8    8 1136  1278       304   303   310   309   178   177   184   183
    144  2    3    8    8 1144  1287       305   304   311   310   179   178   185   184
    145  2    3    8    8 1152  1296       306   305   312   311   180   179   186   185
    146  2    3    8    8 1160  1305       308   307   314   313   182   181   188   187
    147  2    3    8    8 1168  1314       309   308   315   314   183   182   189   188
    148  2    3    8    8 1176  1323       310   309   316   315   184   183   190   189
    149  2    3    8    8 1184  1332       311   310   317   316   185   184   191   190
    150  2    3    8    8 1192  1341       312   311   318   317   186   185   192   191
    151  2    3    8    8 1200  1350       314   313   320   319   188   187   194   193
    152  2    3    8    8 1208  1359       315   314   321   320   189   188   195   194
    153  2    3    8    8 1216  1368       316   315   322   321   190   189   196   195
    154  2    3    8    8 1224  1377       317   316   323   322   191   190   197   196
    155  2    3    8    8 1232  1386       318   317   324   323   192   191   198   197
    156  2    3    8    8 1240  1395       320   319   326   325   194   193   200   199
    157  2    3    8    8 1248  1404       321   320   327   326   195   194   201   200
    158  2    3    8    8 1256  1413       322   321   328   327   196   195   202   201
    159  2    3    8    8 1264  1422       323   322   329   328   197   196   203   202
    160  2    3    8    8 1272  1431       324   323   330   329   198   197   204   203
    161  2    3    8    8 1280  1440       326   325   332   331   200   199   206   205
    162  2    3    8    8 1288  1449       327   326   333   332   201   200   207   206
    163  2    3    8    8 1296  1458       328   327   334   333   202   201   208   207
    164  2    3    8    8 1304  1467       329   328   335   334   203   202   209   208
    165  2    3    8    8 1312  1476       330   329   336   335   204   203   210   209
    166  2    3    8    8 1320  1485       332   331   338   337   206   205   212   211
    167  2    3    8    8 1328  1494       333   332   339   338   207   206   213   212
    168  2    3    8    8 1336  1503       334   333   340   339   208   207   214   213
    169  2    3    8    8 1344  1512       335   334   341   340   209   208   215   214
    170  2    3    8    8 1352  1521       336   335   342   341   210   209   216   215
    171  2    3    8    8 1360  1530       338   337   344   343   212   211   218   217
    172  2    3    8    8 1368  1539       339   338   345   344   213   212   219   218
    173  2    3    8    8 1376  1548       340   339   346   345   214   213   220   219
    174  2    3    8    8 1384  1557       341   340   347   346   215   214   221   220
    175  2    3    8    8 1392  1566       342   341   348   347   216   215   222   221
    176  2    3    8    8 1400  1575       344   343   350   349   218   217   224   223
    177  2    3    8    8 1408  1584       345   344   351   350   219   218   225   224
    178  2    3    8    8 1416  1593       346   345   352   351   220   219   226   225
    179  2    3    8    8 1424  1602       347   346   353   352   221   220   227   226
    180  2    3    8    8 1432  1611       348   347   354   353   222   221   228   227
    181  2    3    8    8 1440  1620       350   349   356   355   224   223   230   229
    182  2    3    8    8 1448  1629       351   350   357   356   225   224   231   230
    183  2    3    8    8 1456  1638       352   351   358   357   226   225   232   231
    184  2    3    8    8 1464  1647       353   352   359   358   227   226   233   232
    185  2    3    8    8 1472  1656       354   353   360   359   228   227   234   233
    186  1    3    8    8 1480  1665       356   355   362   361   230   229   236   235
    187  1    3    8    8 1488  1674       357   356   363   362   231   230   237   236
    188  1    3    8    8 1496  1683       358   357   364   363   232   231   238   237
    189  1    3    8    8 1504  1692       359   358   365   364   233   232   239   238
    190  1    3    8    8 1512  1701       360   359   366   365   234   233   240   239
    191  1    3    8    8 1520  1710       362   361   368   367   236   235   242   241
    192  1    3    8    8 1528  1719       363   362   369   368   237   236   243   242
    193  1    3    8    8 1536  1728       364   363   370   369   238   237   244   243
    194  1    3    8    8 1544  1737       365   364   371   370   239   238   245   244
    195  1    3    8    8 1552  1746       366   365   372   371   240   239   246   245
    196  1    3    8    8 1560  1755       368   367   374   373   242   241   248   247
    197  1    3    8    8 1568  1764       369   368   375   374   243   242   249   248
    198  1    3    8    8 1576  1773       370   369   376   375   244   243   250   249
    199  1    3    8    8 1584  1782       371   370   377   376   245   244   251   250
    200  1    3    8    8 1592  1791       372   371   378   377   246   245   252   251
    201  2    3    8    8 1600  1800       380   379   386   385   254   253   260   259
    202  2    3    8    8 1608  1809       381   380   387   386   255   254   261   260
    203  2    3    8    8 1616  1818       382   381   388   387   256   255   262   261
    204  2    3    8    8 1624  1827       383   382   389   388   257   256   263   262
    205  2    3    8    8 1632  1836       384   383   390   389   258   257   264   263
    206  2    3    8    8 1640  1845       386   385   392   391   260   259   266   265
    207  2    3    8    8 1648  1854       387   386   393   392   261   260   267   266
    208  2    3    8    8 1656  1863       388   387   394   393   262   261   268   267
    209  2    3    8    8 1664  1872       389   388   395   394   263   262   269   268
    210  2    3    8    8 1672  1881       390   389   396   395   264   263   270   269
    211  2    3    8    8 1680  1890       392   391   398   397   266   265   272   271
    212  2    3    8    8 1688  1899       393   392   399   398   267   266   273   272
    213  2    3    8    8 1696  1908       394   393   400   399   268   267   274   273
    214  2    3    8    8 1704  1917       395   394   401   400   269   268   275   274
    215  2    3    8    8 1712  1926       396   395   402   401   270   269   276   275
    216  2    3    8    8 1720  1935       398   397   404   403   272   271   278   277
    217  2    3    8    8 1728  1944       399   398   405   404   273   272   279   278
    218  2    3    8    8 1736  1953       400   399   406   405   274   273   280   279
    219  2    3    8    8 1744  1962       401   400   407   406   275   274   281   280
    220  2    3    8    8 1752  1971       402   401   408   407   276   275   282   281
    221  2    3    8    8 1760  1980       404   403   410   409   278   277   284   283
    222  2    3    8    8 1768  1989       405   404   411   410   279   278   285   284
    223  2    3    8    8 1776  1998       406   405   412   411   280   279   286   285
    224  2    3    8    8 1784  2007       407   406   413   412   281   280   287   286
    225  2    3    8    8 1792  2016       408   407   414   413   282   281   288   287
    226  2    3    8    8 1800  2025       410   409   416   415   284   283   290   289
    227  2    3    8    8 1808  2034       411   410   417   416   285   284   291   290
    228  2    3    8    8 1816  2043       412   411   418   417   286   285   292   291
    229  2    3    8    8 1824  2052       413   412   419   418   287   286   293   292
    230  2    3    8    8 1832  2061       414   413   420   419   288   287   294   293
    231  2    3    8    8 1840  2070       416   415   422   421   290   289   296   295
    232  2    3    8    8 1848  2079       417   416   423   422   291   290   297   296
    233  2    3    8    8 1856  2088       418   417   424   423   292   291   298   297
    234  2    3    8    8 1864  2097       419   418   425   424   293   292   299   298
    235  2    3    8    8 1872  2106       420   419   426   425   294   293   300   299
    236  2    3    8    8 1880  2115       422   421   428   427   296   295   302   301
    237  2    3    8    8 1888  2124       423   422   429   428   297   296   303   302
    238  2    3    8    8 1896  2133       424   423   430   429   298   297   304   303
    239  2    3    8    8 1904  2142       425   424   431   430   299   298   305   304
    240  2    3    8    8 1912  2151       426   425   432   431   300   299   306   305
    241  2    3    8    8 1920  2160       428   427   434   433   302   301   308   307
    242  2    3    8    8 1928  2169       429   428   435   434   303   302   309   308
    243  2    3    8    8 1936  2178       430   429   436   435   304   303   310   309
    244  2    3    8    8 1944  2187       431   430   437   436   305   304   311   310
    245  2    3    8    8 1952  2196       432   431   438   437   306   305   312   311
    246  2    3    8    8 1960  2205       434   433   440   439   308   307   314   313
    247  2    3    8    8 1968  2214       435   434   441   440   309   308   315   314
    248  2    3    8    8 1976  2223       436   435   442   441   310   309   316   315
    249  2    3    8    8 1984  2232       437   436   443   442   311   310   317   316
    250  2    3    8    8 1992  2241       438   437   444   443   312   311   318   317
    251  2    3    8    8 2000  2250       440   439   446   445   314   313   320   319
    252  2    3    8    8 2008  2259       441   440   447   446   315   314   321   320
    253  2    3    8    8 2016  2268       442   441   448   447   316   315   322   321
    254  2    3    8    8 2024  2277       443   442   449   448   317   316   323   322
    255  2    3    8    8 2032  2286       444   443   450   449   318   317   324   323
    256  2    3    8    8 2040  2295       446   445   452   451   320   319   326   325
    257  2    3    8    8 2048  2304       447   446   453   452   321   320   327   326
    258  2    3    8    8 2056  2313       448   447   454   453   322   321   328   327
    259  2    3    8    8 2064  2322       449   448   455   454   323   322   329   328
    260  2    3    8    8 2072  2331       450   449   456   455   324   323   330   329
    261  2    3    8    8 2080  2340       452   451   458   457   326   325   332   331
    262  2    3    8    8 2088  2349       453   452   459   458   327   326   333   332
    263  2    3    8    8 2096  2358       454   453   460   459   328   327   334   333
    264  2    3    8    8 2104  2367       455   454   461   460   329   328   335   334
    265  2    3    8    8 2112  2376       456   455   462   461   330   329   336   335
    266  2    3    8    8 2120  2385       458   457   464   463   332   331   338   337
    267  2    3    8    8 2128  2394       459   458   465   464   333   332   339   338
    268  2    3    8    8 2136  2403       460   459   466   465   334   333   340   339
    269  2    3    8    8 2144  2412       461   460   467   466   335   334   341   340
    270  2    3    8    8 2152  2421       462   461   468   467   336   335   342   341
    271  2    3    8    8 2160  2430       464   463   470   469   338   337   344   343
    272  2    3    8    8 2168  2439       465   464   471   470   339   338   345   344
    273  2    3    8    8 2176  2448       466   465   472   471   340   339   346   345
    274  2    3    8    8 2184  2457       467   466   473   472   341   340   347   346
    275  2    3    8    8 2192  2466       468   467   474   473   342   341   348   347
    276  2    3    8    8 2200  2475       470   469   476   475   344   343   350   349
    277  2    3    8    8 2208  2484       471   470   477   476   345   344   351   350
    278  2    3    8    8 2216  2493       472   471   478   477   346   345   352   351
    279  2    3    8    8 2224  2502       473   472   479   478   347   346   353   352
    280  2    3    8    8 2232  2511       474   473   480   479   348   347   354   353
    281  2    3    8    8 2240  2520       476   475   482   481   350   349   356   355
    282  2    3    8    8 2248  2529       477   476   483   482   351   350   357   356
    283  2    3    8    8 2256  2538       478   477   484   483   352   351   358   357
    284  2    3    8    8 2264  2547       479   478   485   484   353   352   359   358
    285  2    3    8    8 2272  2556       480   479   486   485   354   353   360   359
    286  1    3    8    8 2280  2565       482   481   488   487   356   355   362   361
    287  1    3    8    8 2288  2574       483   482   489   488   357   356   363   362
    288  1    3    8    8 2296  2583       484   483   490   489   358   357   364   363
    289  1    3    8    8 2304  2592       485   484   491   490   359   358   365   364
    290  1    3    8    8 2312  2601       486   485   492   491   360   359   366   365
    291  1    3    8    8 2320  2610       488   487   494   493   362   361   368   367
    292  1    3    8    8 2328  2619       489   488   495   494   363   362   369   368
    293  1    3    8    8 2336  2628       490   489   496   495   364   363   370   369
    294  1    3    8    8 2344  2637       491   490   497   496   365   364   371   370
    295  1    3    8    8 2352  2646       492   491   498   497   366   365   372   371
    296  1    3    8    8 2360  2655       494   493   500   499   368   367   374   373
    297  1    3    8    8 2368  2664       495   494   501   500   369   368   375   374
    298  1    3    8    8 2376  2673       496   495   502   501   370   369   376   375
    299  1    3    8    8 2384  2682       497   496   503   502   371   370   377   376
    300  1    3    8    8 2392  2691       498   497   504   503   372   371   378   377
    301  2    3    8    8 2400  2700       506   505   512   511   380   379   386   385
    302  2    3    8    8 2408  2709       507   506   513   512   381   380   387   386
    303  2    3    8    8 2416  2718       508   507   514   513   382   381   388   387
    304  2    3    8    8 2424  2727       509   508   515   514   383   382   389   388
    305  2    3    8    8 2432  2736       510   509   516   515   384   383   390   389
    306  2    3    8    8 2440  2745       512   511   518   517   386   385   392   391
    307  2    3    8    8 2448  2754       513   512   519   518   387   386   393   392
    308  2    3    8    8 2456  2763       514   513   520   519   388   387   394   393
    309  2    3    8    8 2464  2772       515   514   521   520   389   388   395   394
    310  2    3    8    8 2472  2781       516   515   522   521   390   389   396   395
    311  2    3    8    8 2480  2790       518   517   524   523   392   391   398   397
    312  2    3    8    8 2488  2799       519   518   525   524   393   392   399   398
    313  2    3    8    8 2496  2808       520   519   526   525   394   393   400   399
    314  2    3    8    8 2504  2817       521   520   527   526   395   394   401   400
    315  2    3    8    8 2512  2826       522   521   528   527   396   395   402   401
    316  2    3    8    8 2520  2835       524   523   530   529   398   397   404   403
    317  2    3    8    8 2528  2844       525   524   531   530   399   398   405   404
    318  2    3    8    8 2536  2853       526   525   532   531   400   399   406   405
    319  2    3    8    8 2544  2862       527   526   533   532   401   400   407   406
    320  2    3    8    8 2552  2871       528   527   534   533   402   401   408   407
    321  2    3    8    8 2560  2880       530   529   536   535   404   403   410   409
    322  2    3    8    8 2568  2889       531   530   537   536   405   404   411   410
    323  2    3    8    8 2576  2898       532   531   538   537   406   405   412   411
    324  2    3    8    8 2584  2907       533   532   539   538   407   406   413   412
    325  2    3    8    8 2592  2916       534   533   540   539   408   407   414   413
    326  2    3    8    8 2600  2925       536   535   542   541   410   409   416   415
    327  2    3    8    8 2608  2934       537   536   543   542   411   410   417   416
    328  2    3    8    8 2616  2943       538   537   544   543   412   411   418   417
    329  2    3    8    8 2624  2952       539   538   545   544   413   412   419   418
    330  2    3    8    8 2632  2961       540   539   546   545   414   413   420   419
    331  2    3    8    8 2640  2970       542   541   548   547   416   415   422   421
    332  2    3    8    8 2648  2979       543   542   549   548   417   416   423   422
    333  2    3    8    8 2656  2988       544   543   550   549   418   417   424   423
    334  2    3    8    8 2664  2997       545   544   551   550   419   418   425   424
    335  2    3    8    8 2672  3006       546   545   552   551   420   419   426   425
    336  2    3    8    8 2680  3015       548   547   554   553   422   421   428   427
    337  2    3    8    8 2688  3024       549   548   555   554   423   422   429   428
    338  2    3    8    8 2696  3033       550   549   556   555   424   423   430   429
    339  2    3    8    8 2704  3042       551   550   557   556   425   424   431   430
    340  2    3    8    8 2712  3051       552   551   558   557   426   425   432   431
    341  2    3    8    8 2720  3060       554   553   560   559   428   427   434   433
    342  2    3    8    8 2728  3069       555   554   561   560   429   428   435   434
    343  2    3    8    8 2736  3078       556   555   562   561   430   429   436   435
    344  2    3    8    8 2744  3087       557   556   563   562   431   430   437   436
    345  2    3    8    8 2752  3096       558   557   564   563   432   431   438   437
    346  2    3    8    8 2760  3105       560   559   566   565   434   433   440   439
    347  2    3    8    8 2768  3114       561   560   567   566   435   434   441   440
    348  2    3    8    8 2776  3123       562   561   568   567   436   435   442   441
    349  2    3    8    8 2784  3132       563   562   569   568   437   436   443   442
    350  2    3    8    8 2792  3141       564   563   570   569   438   437   444   443
    351  2    3    8    8 2800  3150       566   565   572   571   440   439   446   445
    352  2    3    8    8 2808  3159       567   566   573   572   441   440   447   446
    353  2    3    8    8 2816  3168       568   567   574   573   442   441   448   447
    354  2    3    8    8 2824  3177       569   568   575   574   443   442   449   448
    355  2    3    8    8 2832  3186       570   569   576   575   444   443   450   449
    356  2    3    8    8 2840  3195       572   571   578   577   446   445   452   451
    357  2    3    8    8 2848  3204       573   572   579   578   447   446   453   452
    358  2    3    8    8 2856  3213       574   573   580   579   448   447   454   453
    359  2    3    8    8 2864  3222       575   574   581   580   449   448   455   454
    360  2    3    8    8 2872  3231       576   575   582   581   450   449   456   455
    361  2    3    8    8 2880  3240       578   577   584   583   452   451   458   457
    362  2    3    8    8 2888  3249       579   578   585   584   453   452   459   458
    363  2    3    8    8 2896  3258       580   579   586   585   454   453   460   459
    364  2    3    8    8 2904  3267       581   580   587   586   455   454   461   460
    365  2    3    8    8 2912  3276       582   581   588   587   456   455   462   461
    366  2    3    8    8 2920  3285       584   583   590   589   458   457   464   463
    367  2    3    8    8 2928  3294       585   584   591   590   459   458   465   464
    368  2    3    8    8 2936  3303       586   585   592   591   460   459   466   465
    369  2    3    8    8 2944  3312       587   586   593   592   461   460   467   466
    370  2    3    8    8 2952  3321       588   587   594   593   462   461   468   467
    371  2    3    8    8 2960  3330       590   589   596   595   464   463   470   469
    372  2    3    8    8 2968  3339       591   590   597   596   465   464   471   470
    373  2    3    8    8 2976  3348       592   591   598   597   466   465   472   471
    374  2    3    8    8 2984  3357       593   592   599   598   467   466   473   472
    375  2    3    8    8 2992  3366       594   593   600   599   468   467   474   473
    376  2    3    8    8 3000  3375       596   595   602   601   470   469   476   475
    377  2    3    8    8 3008  3384       597   596   603   602   471   470   477   476
    378  2    3    8    8 3016  3393       598   597   604   603   472   471   478   477
    379  2    3    8    8 3024  3402       599   598   605   604   473   472   479   478
    380  2    3    8    8 3032  3411       600   599   606   605   474   473   480   479
    381  2    3    8    8 3040  3420       602   601   608   607   476   475   482   481
    382  2    3    8    8 3048  3429       603   602   609   608   477   476   483   482
    383  2    3    8    8 3056  3438       604   603   610   609   478   477   484   483
    384  2    3    8    8 3064  3447       605   604   611   610   479   478   485   484
    385  2    3    8    8 3072  3456       606   605   612   611   480   479   486   485
    386  1    3    8    8 3080  3465       608   607   614   613   482   481   488   487
    387  1    3    8    8 3088  3474       609   608   615   614   483   482   489   488
    388  1    3    8    8 3096  3483       610   609   616   615   484   483   490   489
    389  1    3    8    8 3104  3492       611   610   617   616   485   484   491   490
    390  1    3    8    8 3112  3501       612   611   618   617   486   485   492   491
    391  1    3    8    8 3120  3510       614   613   620   619   488   487   494   493
    392  1    3    8    8 3128  3519       615   614   621   620   489   488   495   494
    393  1    3    8    8 3136  3528       616   615   622   621   490   489   496   495
    394  1    3    8    8 3144  3537       617   616   623   622   491   490   497   496
    395  1    3    8    8 3152  3546       618   617   624   623   492   491   498   497
    396  1    3    8    8 3160  3555       620   619   626   625   494   493   500   499
    397  1    3    8    8 3168  3564       621   620   627   626   495   494   501   500
    398  1    3    8    8 3176  3573       622   621   628   627   496   495   502   501
    399  1    3    8    8 3184  3582       623   622   629   628   497   496   503   502
    400  1    3    8    8 3192  3591       624   623   630   629   498   497   504   503
    401  2    3    8    8 3200  3600       632   631   638   637   506   505   512   511
    402  2    3    8    8 3208  3609       633   632   639   638   507   506   513   512
    403  2    3    8    8 3216  3618       634   633   640   639   508   507   514   513
    404  2    3    8    8 3224  3627       635   634   641   640   509   508   515   514
    405  2    3    8    8 3232  3636       636   635   642   641   510   509   516   515
    406  2    3    8    8 3240  3645       638   637   644   643   512   511   518   517
    407  2    3    8    8 3248  3654       639   638   645   644   513   512   519   518
    408  2    3    8    8 3256  3663       640   639   646   645   514   513   520   519
    409  2    3    8    8 3264  3672       641   640   647   646   515   514   521   520
    410  2    3    8    8 3272  3681       642   641   648   647   516   515   522   521
    411  2    3    8    8 3280  3690       644   643   650   649   518   517   524   523
    412  2    3    8    8 3288  3699       645   644   651   650   519   518   525   524
    413  2    3    8    8 3296  3708       646   645   652   651   520   519   526   525
    414  2    3    8    8 3304  3717       647   646   653   652   521   520   527   526
    415  2    3    8    8 3312  3726       648   647   654   653   522   521   528   527
    416  2    3    8    8 3320  3735       650   649   656   655   524   523   530   529
    417  2    3    8    8 3328  3744       651   650   657   656   525   524   531   530
    418  2    3    8    8 3336  3753       652   651   658   657   526   525   532   531
    419  2    3    8    8 3344  3762       653   652   659   658   527   526   533   532
    420  2    3    8    8 3352  3771       654   653   660   659   528   527   534   533
    421  2    3    8    8 3360  3780       656   655   662   661   530   529   536   535
    422  2    3    8    8 3368  3789       657   656   663   662   531   530   537   536
    423  2    3    8    8 3376  3798       658   657   664   663   532   531   538   537
    424  2    3    8    8 3384  3807       659   658   665   664   533   532   539   538
    425  2    3    8    8 3392  3816       660   659   666   665   534   533   540   539
    426  2    3    8    8 3400  3825       662   661   668   667   536   535   542   541
    427  2    3    8    8 3408  3834       663   662   669   668   537   536   543   542
    428  2    3    8    8 3416  3843       664   663   670   669   538   537   544   543
    429  2    3    8    8 3424  3852       665   664   671   670   539   538   545   544
    430  2    3    8    8 3432  3861       666   665   672   671   540   539   546   545
    431  2    3    8    8 3440  3870       668   667   674   673   542   541   548   547
    432  2    3    8    8 3448  3879       669   668   675   674   543   542   549   548
    433  2    3    8    8 3456  3888       670   669   676   675   544   543   550   549
    434  2    3    8    8 3464  3897       671   670   677   676   545   544   551   550
    435  2    3    8    8 3472  3906       672   671   678   677   546   545   552   551
    436  2    3    8    8 3480  3915       674   673   680   679   548   547   554   553
    437  2    3    8    8 3488  3924       675   674   681   680   549   548   555   554
    438  2    3    8    8 3496  3933       676   675   682   681   550   549   556   555
    439  2    3    8    8 3504  3942       677   676   683   682   551   550   557   556
    440  2    3    8    8 3512  3951       678   677   684   683   552   551   558   557
    441  2    3    8    8 3520  3960       680   679   686   685   554   553   560   559
    442  2    3    8    8 3528  3969       681   680   687   686   555   554   561   560
    443  2    3    8    8 3536  3978       682   681   688   687   556   555   562   561
    444  2    3    8    8 3544  3987       683   682   689   688   557   556   563   562
    445  2    3    8    8 3552  3996       684   683   690   689   558   557   564   563
    446  2    3    8    8 3560  4005       686   685   692   691   560   559   566   565
    447  2    3    8    8 3568  4014       687   686   693   692   561   560   567   566
    448  2    3    8    8 3576  4023       688   687   694   693   562   561   568   567
    449  2    3    8    8 3584  4032       689   688   695   694   563   562   569   568
    450  2    3    8    8 3592  4041       690   689   696   695   564   563   570   569
    451  2    3    8    8 3600  4050       692   691   698   697   566   565   572   571
    452  2    3    8    8 3608  4059       693   692   699   698   567   566   573   572
    453  2    3    8    8 3616  4068       694   693   700   699   568   567   574   573
    454  2    3    8    8 3624  4077       695   694   701   700   569   568   575   574
    455  2    3    8    8 3632  4086       696   695   702   701   570   569   576   575
    456  2    3    8    8 3640  4095       698   697   704   703   572   571   578   577
    457  2    3    8    8 3648  4104       699   698   705   704   573   572   579   578
    458  2    3    8    8 3656  4113       700   699   706   705   574   573   580   579
    459  2    3    8    8 3664  4122       701   700   707   706   575   574   581   580
    460  2    3    8    8 3672  4131       702   701   708   707   576   575   582   581
    461  2    3    8    8 3680  4140       704   703   710   709   578   577   584   583
    462  2    3    8    8 3688  4149       705   704   711   710   579   578   585   584
    463  2    3    8    8 3696  4158       706   705   712   711   580   579   586   585
    464  2    3    8    8 3704  4167       707   706   713   712   581   580   587   586
    465  2    3    8    8 3712  4176       708   707   714   713   582   581   588   587
    466  2    3    8    8 3720  4185       710   709   716   715   584   583   590   589
    467  2    3    8    8 3728  4194       711   710   717   716   585   584   591   590
    468  2    3    8    8 3736  4203       712   711   718   717   586   585   592   591
    469  2    3    8    8 3744  4212       713   712   719   718   587   586   593   592
    470  2    3    8    8 3752  4221       714   713   720   719   588   587   594   593
    471  2    3    8    8 3760  4230       716   715   722   721   590   589   596   595
    472  2    3    8    8 3768  4239       717   716   723   722   591   590   597   596
    473  2    3    8    8 3776  4248       718   717   724   723   592   591   598   597
    474  2    3    8    8 3784  4257       719   718   725   724   593   592   599   598
    475  2    3    8    8 3792  4266       720   719   726   725   594   593   600   599
    476  2    3    8    8 3800  4275       722   721   728   727   596   595   602   601
    477  2    3    8    8 3808  4284       723   722   729   728   597   596   603   602
    478  2    3    8    8 3816  4293       724   723   730   729   598   597   604   603
    479  2    3    8    8 3824  4302       725   724   731   730   599   598   605   604
    480  2    3    8    8 3832  4311       726   725   732   731   600   599   606   605
    481  2    3    8    8 3840  4320       728   727   734   733   602   601   608   607
    482  2    3    8    8 3848  4329       729   728   735   734   603   602   609   608
    483  2    3    8    8 3856  4338       730   729   736   735   604   603   610   609
    484  2    3    8    8 3864  4347       731   730   737   736   605   604   611   610
    485  2    3    8    8 3872  4356       732   731   738   737   606   605   612   611
    486  1    3    8    8 3880  4365       734   733   740   739   608   607   614   613
    487  1    3    8    8 3888  4374       735   734   741   740   609   608   615   614
    488  1    3    8    8 3896  4383       736   735   742   741   610   609   616   615
    489  1    3    8    8 3904  4392       737   736   743   742   611   610   617   616
    490  1    3    8    8 3912  4401       738   737   744   743   612   611   618   617
    491  1    3    8    8 3920  4410       740   739   746   745   614   613   620   619
    492  1    3    8    8 3928  4419       741   740   747   746   615   614   621   620
    493  1    3    8    8 3936  4428       742   741   748   747   616   615   622   621
    494  1    3    8    8 3944  4437       743   742   749   748   617   616   623   622
    495  1    3    8    8 3952  4446       744   743   750   749   618   617   624   623
    496  1    3    8    8 3960  4455       746   745   752   751   620   619   626   625
    497  1    3    8    8 3968  4464       747   746   753   752   621   620   627   626
    498  1    3    8    8 3976  4473       748   747   754   753   622   621   628   627
    499  1    3    8    8 3984  4482       749   748   755   754   623   622   629   628
    500  1    3    8    8 3992  4491       750   749   756   755   624   623   630   629
 
   FIS, DFILS, PS=
 2.5000e-01 -1.0000e+00 -1.0000e+00 -1.0000e+00
 2.5000e-01  1.0000e+00  0.0000e+00  0.0000e+00
 2.5000e-01  0.0000e+00  1.0000e+00  0.0000e+00
 2.5000e-01  0.0000e+00  0.0000e+00  1.0000e+00 1.6667e-01
 
   FIS, DFILS, PS=
 1.6667e-01 -5.0000e-01 -5.0000e-01 -1.6667e-01
 1.6667e-01  5.0000e-01  0.0000e+00 -1.6667e-01
 1.6667e-01  0.0000e+00  5.0000e-01 -1.6667e-01
 1.6667e-01 -5.0000e-01 -5.0000e-01  1.6667e-01
 1.6667e-01  5.0000e-01  0.0000e+00  1.6667e-01
 1.6667e-01  0.0000e+00  5.0000e-01  1.6667e-01 1.0000e+00
 
   FIS, DFILS, PS=
 1.2500e-01 -1.2500e-01 -1.2500e-01 -1.2500e-01
 1.2500e-01  1.2500e-01 -1.2500e-01 -1.2500e-01
 1.2500e-01 -1.2500e-01  1.2500e-01 -1.2500e-01
 1.2500e-01  1.2500e-01  1.2500e-01 -1.2500e-01
 1.2500e-01 -1.2500e-01 -1.2500e-01  1.2500e-01
 1.2500e-01  1.2500e-01 -1.2500e-01  1.2500e-01
 1.2500e-01 -1.2500e-01  1.2500e-01  1.2500e-01
 1.2500e-01  1.2500e-01  1.2500e-01  1.2500e-01 8.0000e+00
 
   FIP, DFILP, PP=
 7.0442e-02  0.0000e+00  0.0000e+00 -1.6667e-01
 7.0442e-02 -2.1132e-01 -2.1132e-01 -1.6667e-01
 7.0442e-02  2.1132e-01  0.0000e+00 -1.6667e-01
 2.6289e-01  0.0000e+00  0.0000e+00  1.6667e-01
 2.6289e-01 -7.8868e-01 -7.8868e-01  1.6667e-01
 2.6289e-01  7.8868e-01  0.0000e+00  1.6667e-01
 2.6289e-01  0.0000e+00  0.0000e+00 -1.6667e-01
 2.6289e-01 -7.8868e-01 -7.8868e-01 -1.6667e-01
 2.6289e-01  7.8868e-01  0.0000e+00 -1.6667e-01
 7.0442e-02  0.0000e+00  0.0000e+00  1.6667e-01
 7.0442e-02 -2.1132e-01 -2.1132e-01  1.6667e-01
 7.0442e-02  2.1132e-01  0.0000e+00  1.6667e-01 5.0000e-01  5.0000e-01
 
   FIP, DFILP, PP=
 4.9056e-01 -3.1100e-01 -3.1100e-01 -3.1100e-01
 1.3145e-01  3.1100e-01 -8.3333e-02 -8.3333e-02
 1.3145e-01 -8.3333e-02  3.1100e-01 -8.3333e-02
 3.5221e-02  8.3333e-02  8.3333e-02 -2.2329e-02
 1.3145e-01 -8.3333e-02 -8.3333e-02  3.1100e-01
 3.5221e-02  8.3333e-02 -2.2329e-02  8.3333e-02
 3.5221e-02 -2.2329e-02  8.3333e-02  8.3333e-02
 9.4374e-03  2.2329e-02  2.2329e-02  2.2329e-02
 1.3145e-01 -3.1100e-01 -8.3333e-02 -8.3333e-02
 4.9056e-01  3.1100e-01 -3.1100e-01 -3.1100e-01
 3.5221e-02 -8.3333e-02  8.3333e-02 -2.2329e-02
 1.3145e-01  8.3333e-02  3.1100e-01 -8.3333e-02
 3.5221e-02 -8.3333e-02 -2.2329e-02  8.3333e-02
 1.3145e-01  8.3333e-02 -8.3333e-02  3.1100e-01
 9.4374e-03 -2.2329e-02  2.2329e-02  2.2329e-02
 3.5221e-02  2.2329e-02  8.3333e-02  8.3333e-02
 1.3145e-01 -8.3333e-02 -3.1100e-01 -8.3333e-02
 3.5221e-02  8.3333e-02 -8.3333e-02 -2.2329e-02
 4.9056e-01 -3.1100e-01  3.1100e-01 -3.1100e-01
 1.3145e-01  3.1100e-01  8.3333e-02 -8.3333e-02
 3.5221e-02 -2.2329e-02 -8.3333e-02  8.3333e-02
 9.4374e-03  2.2329e-02 -2.2329e-02  2.2329e-02
 1.3145e-01 -8.3333e-02  8.3333e-02  3.1100e-01
 3.5221e-02  8.3333e-02  2.2329e-02  8.3333e-02
 3.5221e-02 -8.3333e-02 -8.3333e-02 -2.2329e-02
 1.3145e-01  8.3333e-02 -3.1100e-01 -8.3333e-02
 1.3145e-01 -3.1100e-01  8.3333e-02 -8.3333e-02
 4.9056e-01  3.1100e-01  3.1100e-01 -3.1100e-01
 9.4374e-03 -2.2329e-02 -2.2329e-02  2.2329e-02
 3.5221e-02  2.2329e-02 -8.3333e-02  8.3333e-02
 3.5221e-02 -8.3333e-02  2.2329e-02  8.3333e-02
 1.3145e-01  8.3333e-02  8.3333e-02  3.1100e-01
 1.3145e-01 -8.3333e-02 -8.3333e-02 -3.1100e-01
 3.5221e-02  8.3333e-02 -2.2329e-02 -8.3333e-02
 3.5221e-02 -2.2329e-02  8.3333e-02 -8.3333e-02
 9.4374e-03  2.2329e-02  2.2329e-02 -2.2329e-02
 4.9056e-01 -3.1100e-01 -3.1100e-01  3.1100e-01
 1.3145e-01  3.1100e-01 -8.3333e-02  8.3333e-02
 1.3145e-01 -8.3333e-02  3.1100e-01  8.3333e-02
 3.5221e-02  8.3333e-02  8.3333e-02  2.2329e-02
 3.5221e-02 -8.3333e-02 -2.2329e-02 -8.3333e-02
 1.3145e-01  8.3333e-02 -8.3333e-02 -3.1100e-01
 9.4374e-03 -2.2329e-02  2.2329e-02 -2.2329e-02
 3.5221e-02  2.2329e-02  8.3333e-02 -8.3333e-02
 1.3145e-01 -3.1100e-01 -8.3333e-02  8.3333e-02
 4.9056e-01  3.1100e-01 -3.1100e-01  3.1100e-01
 3.5221e-02 -8.3333e-02  8.3333e-02  2.2329e-02
 1.3145e-01  8.3333e-02  3.1100e-01  8.3333e-02
 3.5221e-02 -2.2329e-02 -8.3333e-02 -8.3333e-02
 9.4374e-03  2.2329e-02 -2.2329e-02 -2.2329e-02
 1.3145e-01 -8.3333e-02  8.3333e-02 -3.1100e-01
 3.5221e-02  8.3333e-02  2.2329e-02 -8.3333e-02
 1.3145e-01 -8.3333e-02 -3.1100e-01  8.3333e-02
 3.5221e-02  8.3333e-02 -8.3333e-02  2.2329e-02
 4.9056e-01 -3.1100e-01  3.1100e-01  3.1100e-01
 1.3145e-01  3.1100e-01  8.3333e-02  8.3333e-02
 9.4374e-03 -2.2329e-02 -2.2329e-02 -2.2329e-02
 3.5221e-02  2.2329e-02 -8.3333e-02 -8.3333e-02
 3.5221e-02 -8.3333e-02  2.2329e-02 -8.3333e-02
 1.3145e-01  8.3333e-02  8.3333e-02 -3.1100e-01
 3.5221e-02 -8.3333e-02 -8.3333e-02  2.2329e-02
 1.3145e-01  8.3333e-02 -3.1100e-01  8.3333e-02
 1.3145e-01 -3.1100e-01  8.3333e-02  8.3333e-02
 4.9056e-01  3.1100e-01  3.1100e-01  3.1100e-01 1.0000e+00  1.0000e+00  1.0000e+00  1.0000e+00  1.0000e+00  1.0000e+00  1.0000e+00  1.0000e+00
 
   DG=
 0.0000e+00  1.2500e-01  1.2500e-01  1.2500e-01  0.0000e+00  1.2500e-01  1.2500e-01  1.2500e-01  0.0000e+00
 0.0000e+00 -1.2500e-01 -1.2500e-01 -1.2500e-01  0.0000e+00  1.2500e-01 -1.2500e-01  1.2500e-01  0.0000e+00
 0.0000e+00 -1.2500e-01  1.2500e-01 -1.2500e-01  0.0000e+00 -1.2500e-01  1.2500e-01 -1.2500e-01  0.0000e+00
 0.0000e+00  1.2500e-01 -1.2500e-01  1.2500e-01  0.0000e+00 -1.2500e-01 -1.2500e-01 -1.2500e-01  0.0000e+00
 0.0000e+00  1.2500e-01 -1.2500e-01  1.2500e-01  0.0000e+00 -1.2500e-01 -1.2500e-01 -1.2500e-01  0.0000e+00
 0.0000e+00 -1.2500e-01  1.2500e-01 -1.2500e-01  0.0000e+00 -1.2500e-01  1.2500e-01 -1.2500e-01  0.0000e+00
 0.0000e+00 -1.2500e-01 -1.2500e-01 -1.2500e-01  0.0000e+00  1.2500e-01 -1.2500e-01  1.2500e-01  0.0000e+00
 0.0000e+00  1.2500e-01  1.2500e-01  1.2500e-01  0.0000e+00  1.2500e-01  1.2500e-01  1.2500e-01  0.0000e+00
 
   DDG=
-1.2500e-01  1.2500e-01  1.2500e-01 -1.2500e-01  1.2500e-01 -1.2500e-01 -1.2500e-01  1.2500e-01
 
